<?xml version="1.0" encoding="UTF-8"?>
<!-- Generated by org.testng.reporters.JUnitXMLReporter -->
<testsuite ignored="0" hostname="DESKTOP-TJTF4NB" failures="0" tests="17" name="Test" time="593.505" errors="0" timestamp="2022-01-19T23:47:02 IST">
  <testcase classname="TestCases.Actions" name="Mousehouver" time="36.392"/>
  <testcase classname="TestCases.Actions" name="RightClick" time="29.297"/>
  <testcase classname="TestCases.Actions" name="DragandDrop" time="29.958"/>
  <testcase classname="TestCases.WindowHandling" name="windowhandle" time="47.848"/>
  <testcase classname="TestCases.Screenshot" name="create" time="33.789"/>
  <testcase classname="TestCases.Alerts" name="handlingAlerts" time="28.652"/>
  <testcase classname="TestCases.CheckboxRadiobutton" name="Radiobutton" time="1.983"/>
  <testcase classname="TestCases.CheckboxRadiobutton" name="checkboxes" time="6.324"/>
  <testcase classname="TestCases.Dropdown" name="dropdowns" time="6.614"/>
  <testcase classname="TestCases.FileUpload" name="uploadingfile" time="14.325"/>
  <testcase classname="TestCases.PrintAllLinks" name="alllinks" time="6.126"/>
  <testcase classname="TestCases.Scrolling" name="scrolldown" time="1.213"/>
  <testcase classname="TestCases.Scrolling" name="scrollup" time="3.229"/>
  <testcase classname="TestCases.Testcase1" name="facebook" time="0.154"/>
  <testcase classname="TestCases.TitleUrlPagesource" name="Pagesource1" time="0.421"/>
  <testcase classname="TestCases.TitleUrlPagesource" name="url1" time="0.012"/>
  <testcase classname="TestCases.TitleUrlPagesource" name="title1" time="0.011"/>
</testsuite> <!-- Test -->
