<?xml version="1.0" encoding="UTF-8"?>
<!-- Generated by org.testng.reporters.JUnitReportReporter -->
<testsuite hostname="DESKTOP-TJTF4NB" failures="0" tests="1" name="TestCases.Dropdown" time="6.614" errors="0" timestamp="2022-01-19T23:48:00 IST" skipped="0">
  <testcase classname="TestCases.Dropdown" name="dropdowns" time="6.614"/>
  <system-out>
    <![CDATA[Facebook – log in or sign up
https://www.facebook.com/
Facebook – log in or sign up
https://www.facebook.com/]]>
  </system-out>
</testsuite> <!-- TestCases.Dropdown -->
