<?xml version="1.0" encoding="UTF-8"?>
<!-- Generated by org.testng.reporters.JUnitXMLReporter -->
<testsuite ignored="0" hostname="DESKTOP-TJTF4NB" failures="0" tests="4" name="Default test" time="47.121" errors="0" timestamp="2022-01-19T23:22:08 IST">
  <testcase classname="TestCases.Actions" name="Mousehouver" time="13.258"/>
  <testcase classname="TestCases.Actions" name="RightClick" time="4.721"/>
  <testcase classname="TestCases.Actions" name="DoubleClick" time="11.295"/>
  <testcase classname="TestCases.Actions" name="DragandDrop" time="8.324"/>
</testsuite> <!-- Default test -->
